<?xml version="1.0" encoding="UTF-8"?>
<testsuite name="com.paylocity.tests.integrated.DashboardTests" tests="1" skipped="0" failures="0" errors="0" timestamp="2025-09-05T22:25:13.009Z" hostname="REM-MC-241022B.local" time="1.045">
  <properties/>
  <testcase name="addEmployee" classname="com.paylocity.tests.integrated.DashboardTests" time="1.045"/>
  <system-out><![CDATA[]]></system-out>
  <system-err><![CDATA[Sep 05, 2025 5:25:09 PM org.openqa.selenium.devtools.CdpVersionFinder findNearestMatch
WARNING: Unable to find CDP implementation matching 140
Sep 05, 2025 5:25:09 PM org.openqa.selenium.chromium.ChromiumDriver lambda$new$5
WARNING: Unable to find version of CDP to use for 140.0.7339.81. You may need to include a dependency on a specific version of the CDP using something similar to `org.seleniumhq.selenium:selenium-devtools-v86:4.24.0` where the version ("v86") matches the version of the chromium-based browser you're using and the version number of the artifact is the same as Selenium's.
]]></system-err>
</testsuite>
